c:\users\sokjh\source\repos\실습 7주차\실습 7주차\x64\debug\vc143.pdb
c:\users\sokjh\source\repos\실습 7주차\실습 7주차\x64\debug\vc143.idb
c:\users\sokjh\source\repos\실습 7주차\실습 7주차\x64\debug\연습장.obj
c:\users\sokjh\source\repos\실습 7주차\실습 7주차\x64\debug\문제3.obj
c:\users\sokjh\source\repos\실습 7주차\실습 7주차\x64\debug\training2.obj
c:\users\sokjh\source\repos\실습 7주차\실습 7주차\x64\debug\training1.obj
c:\users\sokjh\source\repos\실습 7주차\실습 7주차\x64\debug\문제2.obj
c:\users\sokjh\source\repos\실습 7주차\실습 7주차\x64\debug\포인터변수 값의 변경.obj
c:\users\sokjh\source\repos\실습 7주차\실습 7주차\x64\debug\포인터변수 값 변경2.obj
c:\users\sokjh\source\repos\실습 7주차\실습 7주차\x64\debug\포인터 형변환.obj
c:\users\sokjh\source\repos\실습 7주차\실습 7주차\x64\debug\더블포인터.obj
c:\users\sokjh\source\repos\실습 7주차\실습 7주차\x64\debug\포인터 연산의 의미 확인.obj
c:\users\sokjh\source\repos\실습 7주차\실습 7주차\x64\debug\call by value 버전 swap 함수.obj
c:\users\sokjh\source\repos\실습 7주차\실습 7주차\x64\debug\call by val vs call by ref.obj
c:\users\sokjh\source\repos\실습 7주차\실습 7주차\x64\debug\call by reference 버전 swap 함수 .obj
c:\users\sokjh\source\repos\실습 7주차\실습 7주차\x64\debug\문제1 재시도.obj
c:\users\sokjh\source\repos\실습 7주차\실습 7주차\x64\debug\문제4.obj
c:\users\sokjh\source\repos\실습 7주차\x64\debug\실습 7주차.exe
c:\users\sokjh\source\repos\실습 7주차\실습 7주차\x64\debug\실습 7주차.ilk
c:\users\sokjh\source\repos\실습 7주차\x64\debug\실습 7주차.pdb
c:\users\sokjh\source\repos\실습 7주차\실습 7주차\x64\debug\call by value.obj
c:\users\sokjh\source\repos\실습 7주차\실습 7주차\x64\debug\실습 7주차.tlog\cl.command.1.tlog
c:\users\sokjh\source\repos\실습 7주차\실습 7주차\x64\debug\실습 7주차.tlog\cl.read.1.tlog
c:\users\sokjh\source\repos\실습 7주차\실습 7주차\x64\debug\실습 7주차.tlog\cl.write.1.tlog
c:\users\sokjh\source\repos\실습 7주차\실습 7주차\x64\debug\실습 7주차.tlog\link.command.1.tlog
c:\users\sokjh\source\repos\실습 7주차\실습 7주차\x64\debug\실습 7주차.tlog\link.read.1.tlog
c:\users\sokjh\source\repos\실습 7주차\실습 7주차\x64\debug\실습 7주차.tlog\link.write.1.tlog
